digraph path {
	node [label="\N"];
	graph [bb="0,0,216.5,320"];
	0 [pos="42.497,301", width="0.75", height="0.52778"];
	2 [pos="33.497,19", width="0.75", height="0.52778"];
	4 [pos="171.5,19", width="0.75", height="0.52778"];
	1 [pos="42.497,207", width="0.75", height="0.52778"];
	3 [pos="112.5,113", width="0.75", height="0.52778"];
	1 -> 0 [label="  1.0", pos="e,57.058,284.87 57.058,223.13 61.645,229.23 66.13,236.51 68.497,244 71.177,252.48 71.177,255.52 68.497,264 67.166,268.21 65.164,\
272.36 62.851,276.26", lp="82.997,254"];
	4 -> 3 [label="  1.0", pos="e,129.93,98.445 166.39,37.904 162.74,49.476 157.13,64.264 149.5,76 145.99,81.397 141.58,86.641 137.05,91.404", lp="172,66"];
	3 -> 4 [label="  1.0", pos="e,183.67,36.209 138.83,107.72 156.21,102.72 177.68,93.295 188.5,76 194.27,66.777 192.41,55.494 188.22,45.407", lp="204,66"];
	3 -> 1 [label=" 15.0", pos="e,66.842,198.53 113.82,132.16 113.72,143.98 111.85,158.93 104.5,170 97.634,180.34 86.806,188.21 76.108,193.99", lp="125.5,160"];
	1 -> 3 [label=" 15.0", pos="e,94.487,127.32 50.229,188.6 55.584,176.95 63.376,161.89 72.497,150 76.753,144.45 81.885,139.02 87.033,134.11", lp="86.497,160"];
	3 -> 2 [label="  1.0", pos="e,36.013,38.046 88.74,103.56 76.064,97.429 61.136,88.274 51.497,76 45.19,67.968 41.072,57.689 38.392,48.077", lp="63.997,66"];
	2 -> 3 [label="  1.0", pos="e,103.04,95.113 52.169,33.023 60.161,39.522 69.293,47.648 76.497,56 84.458,65.228 91.898,76.379 97.925,86.362", lp="103,66"];
	2 -> 1 [label="100.0", pos="e,41.585,187.94 34.412,38.111 35.991,71.083 39.235,138.85 41.099,177.78", lp="54.997,113"];
	0 -> 1 [label="  1.0", pos="e,40.645,226.19 40.645,281.81 40.172,276.09 39.732,269.8 39.497,264 39.138,255.12 39.138,252.88 39.497,244 39.6,241.46 39.742,238.83\
 39.909,236.2", lp="51.997,254"];
	1 -> 2 [label="100.0", pos="e,22.934,36.55 30.17,189.83 20.506,175.24 7.8303,153.33 2.4974,132 -4.928,102.3 7.0913,68.465 18.259,45.623", lp="17.997,113"];
	0 -> 1 [color=red, pos="e,38.177,226.11 38.177,281.89 37.075,276.17 36.047,269.86 35.497,264 34.668,255.15 34.668,252.85 35.497,244 35.738,241.44 36.07,\
238.79 36.46,236.14"];
	1 -> 3 [color=red, pos="e,89.543,123.1 43.681,187.84 45.217,176.03 48.69,161.08 56.497,150 62.69,141.21 71.691,133.95 80.673,128.26"];
	3 -> 4 [color=red, pos="e,160.45,36.601 123.59,95.319 132.41,81.271 144.88,61.403 154.89,45.461"];
}
