digraph tree {
	node [label="\N"];
	graph [bb="0,0,207.81,320"];
	0 [pos="38.811,301", width="0.75", height="0.52778"];
	2 [pos="38.811,19", width="0.75", height="0.52778"];
	4 [pos="175.81,19", width="0.75", height="0.52778"];
	1 [pos="38.811,207", width="0.75", height="0.52778"];
	3 [pos="104.81,113", width="0.75", height="0.52778"];
	1 -> 0 [label="  1.0", pos="e,53.371,284.87 53.371,223.13 57.959,229.23 62.444,236.51 64.811,244 67.491,252.48 67.491,255.52 64.811,264 63.479,268.21 61.478\
,272.36 59.165,276.26", lp="79.311,254"];
	4 -> 3 [label="  1.0", pos="e,130.86,107.2 181.47,37.794 183.88,49.607 184.76,64.694 177.81,76 169.53,89.476 154.65,98.229 140.48,103.82", lp="195.31,66"];
	3 -> 4 [label="  1.0", pos="e,162.99,35.977 117.5,96.195 128.44,81.715 144.39,60.603 156.84,44.117", lp="158.31,66"];
	3 -> 1 [label=" 15.0", pos="e,59.343,194.28 100.97,131.94 97.947,143.67 92.863,158.61 84.811,170 80.068,176.71 73.786,182.84 67.392,188.11", lp="107.81,160"];
	1 -> 3 [label=" 15.0", pos="e,82.701,123.92 40.127,187.93 41.715,176.16 45.196,161.21 52.811,150 58.297,141.92 66.168,135.02 74.131,129.44", lp="66.811,160"];
	3 -> 2 [label="  1.0", pos="e,41.808,37.996 83.719,100.88 74.314,94.539 63.803,86.004 56.811,76 51.004,67.692 47.008,57.426 44.287,47.906", lp="69.311,66"];
	2 -> 3 [label="  1.0", pos="e,99.71,94.158 58.221,32.441 66.351,38.832 75.385,47.035 81.811,56 87.947,64.561 92.771,74.995 96.382,84.584", lp="104.31,66"];
	2 -> 1 [label="100.0", pos="e,38.486,187.89 38.486,38.112 38.245,53.268 37.937,74.988 37.811,94 37.698,110.89 37.698,115.11 37.811,132 37.911,147 38.123,163.69\
 38.327,177.51", lp="53.311,113"];
	0 -> 1 [label="  1.0", pos="e,36.958,226.19 36.958,281.81 36.486,276.09 36.045,269.8 35.811,264 35.451,255.12 35.451,252.88 35.811,244 35.913,241.46 36.055,\
238.83 36.222,236.2", lp="48.311,254"];
	1 -> 2 [label="100.0", pos="e,27.703,36.357 27.703,189.64 18.998,174.95 7.586,152.98 2.8107,132 -0.9369,115.53 -0.9369,110.47 2.8107,94 6.6906,76.951 14.952\
,59.254 22.583,45.335", lp="18.311,113"];
	0 -> 1 [color=red, pos="e,34.491,226.11 34.491,281.89 33.388,276.17 32.36,269.86 31.811,264 30.981,255.15 30.981,252.85 31.811,244 32.051,241.44 32.383,\
238.79 32.773,236.14"];
}
